This file contains any messages produced by compilers while
running configure, to aid debugging if configure makes a mistake.

It was created by sbsigntool configure 0.6, which was
generated by GNU Autoconf 2.69.  Invocation command line was

  $ ./configure --prefix=/usr ac_cv_header_bfd_h=yes endian=little

## --------- ##
## Platform. ##
## --------- ##

hostname = iMac-van-Andy.local
uname -m = x86_64
uname -r = 13.0.0
uname -s = Darwin
uname -v = Darwin Kernel Version 13.0.0: Thu Sep 19 22:22:27 PDT 2013; root:xnu-2422.1.72~6/RELEASE_X86_64

/usr/bin/uname -p = i386
/bin/uname -X     = unknown

/bin/arch              = unknown
/usr/bin/arch -k       = unknown
/usr/convex/getsysinfo = unknown
/usr/bin/hostinfo      = Mach kernel version:
	 Darwin Kernel Version 13.0.0: Thu Sep 19 22:22:27 PDT 2013; root:xnu-2422.1.72~6/RELEASE_X86_64
Kernel configured for up to 4 processors.
2 processors are physically available.
4 processors are logically available.
Processor type: i486 (Intel 80486)
Processors active: 0 1 2 3
Primary memory available: 8.00 gigabytes
Default processor set: 154 tasks, 618 threads, 4 processors
Load average: 1.46, Mach factor: 2.61
/bin/machine           = unknown
/usr/bin/oslevel       = unknown
/bin/universe          = unknown

PATH: /usr/bin
PATH: /bin
PATH: /usr/sbin
PATH: /sbin
PATH: /usr/local/bin
PATH: /opt/X11/bin
PATH: /Applications/Server.app/Contents/ServerRoot/usr/bin
PATH: /Applications/Server.app/Contents/ServerRoot/usr/sbin


## ----------- ##
## Core tests. ##
## ----------- ##

configure:2105: checking for a BSD-compatible install
configure:2173: result: /usr/bin/install -c
configure:2184: checking whether build environment is sane
configure:2234: result: yes
configure:2375: checking for a thread-safe mkdir -p
configure:2414: result: ./install-sh -c -d
configure:2427: checking for gawk
configure:2443: found /usr/bin/gawk
configure:2454: result: gawk
configure:2465: checking whether make sets $(MAKE)
configure:2487: result: yes
configure:2586: checking for style of include used by make
configure:2614: result: GNU
configure:2685: checking for gcc
configure:2701: found /usr/bin/gcc
configure:2712: result: gcc
configure:2941: checking for C compiler version
configure:2950: gcc --version >&5
Apple LLVM version 5.0 (clang-500.2.79) (based on LLVM 3.3svn)
Target: x86_64-apple-darwin13.0.0
Thread model: posix
Configured with: --prefix=/Applications/Xcode.app/Contents/Developer/usr --with-gxx-include-dir=/Applications/Xcode.app/Contents/Developer/Platforms/MacOSX.platform/Developer/SDKs/MacOSX10.9.sdk/usr/include/c++/4.2.1
configure:2961: $? = 0
configure:2950: gcc -v >&5
Configured with: --prefix=/Applications/Xcode.app/Contents/Developer/usr --with-gxx-include-dir=/Applications/Xcode.app/Contents/Developer/Platforms/MacOSX.platform/Developer/SDKs/MacOSX10.9.sdk/usr/include/c++/4.2.1
Apple LLVM version 5.0 (clang-500.2.79) (based on LLVM 3.3svn)
Target: x86_64-apple-darwin13.0.0
Thread model: posix
configure:2961: $? = 0
configure:2950: gcc -V >&5
clang: error: argument to '-V' is missing (expected 1 value)
clang: error: no input files
configure:2961: $? = 1
configure:2950: gcc -qversion >&5
clang: error: no input files
configure:2961: $? = 1
configure:2981: checking whether the C compiler works
configure:3003: gcc    conftest.c  >&5
configure:3007: $? = 0
configure:3055: result: yes
configure:3058: checking for C compiler default output file name
configure:3060: result: a.out
configure:3066: checking for suffix of executables
configure:3073: gcc -o conftest    conftest.c  >&5
configure:3077: $? = 0
configure:3099: result: 
configure:3121: checking whether we are cross compiling
configure:3129: gcc -o conftest    conftest.c  >&5
configure:3133: $? = 0
configure:3140: ./conftest
configure:3144: $? = 0
configure:3159: result: no
configure:3164: checking for suffix of object files
configure:3186: gcc -c   conftest.c >&5
configure:3190: $? = 0
configure:3211: result: o
configure:3215: checking whether we are using the GNU C compiler
configure:3234: gcc -c   conftest.c >&5
configure:3234: $? = 0
configure:3243: result: yes
configure:3252: checking whether gcc accepts -g
configure:3272: gcc -c -g  conftest.c >&5
configure:3272: $? = 0
configure:3313: result: yes
configure:3330: checking for gcc option to accept ISO C89
configure:3393: gcc  -c -g -O2  conftest.c >&5
configure:3393: $? = 0
configure:3406: result: none needed
configure:3428: checking dependency style of gcc
configure:3539: result: gcc3
configure:3563: checking dependency style of gcc
configure:3672: result: gcc3
configure:3735: checking for gcc
configure:3762: result: gcc
configure:3991: checking for C compiler version
configure:4000: gcc --version >&5
Apple LLVM version 5.0 (clang-500.2.79) (based on LLVM 3.3svn)
Target: x86_64-apple-darwin13.0.0
Thread model: posix
Configured with: --prefix=/Applications/Xcode.app/Contents/Developer/usr --with-gxx-include-dir=/Applications/Xcode.app/Contents/Developer/Platforms/MacOSX.platform/Developer/SDKs/MacOSX10.9.sdk/usr/include/c++/4.2.1
configure:4011: $? = 0
configure:4000: gcc -v >&5
Configured with: --prefix=/Applications/Xcode.app/Contents/Developer/usr --with-gxx-include-dir=/Applications/Xcode.app/Contents/Developer/Platforms/MacOSX.platform/Developer/SDKs/MacOSX10.9.sdk/usr/include/c++/4.2.1
Apple LLVM version 5.0 (clang-500.2.79) (based on LLVM 3.3svn)
Target: x86_64-apple-darwin13.0.0
Thread model: posix
configure:4011: $? = 0
configure:4000: gcc -V >&5
clang: error: argument to '-V' is missing (expected 1 value)
clang: error: no input files
configure:4011: $? = 1
configure:4000: gcc -qversion >&5
clang: error: no input files
configure:4011: $? = 1
configure:4015: checking whether we are using the GNU C compiler
configure:4043: result: yes
configure:4052: checking whether gcc accepts -g
configure:4113: result: yes
configure:4130: checking for gcc option to accept ISO C89
configure:4206: result: none needed
configure:4228: checking dependency style of gcc
configure:4339: result: gcc3
configure:4355: checking whether gcc and cc understand -c and -o together
configure:4386: gcc -c conftest.c -o conftest2.o >&5
configure:4390: $? = 0
configure:4396: gcc -c conftest.c -o conftest2.o >&5
configure:4400: $? = 0
configure:4411: cc -c conftest.c >&5
configure:4415: $? = 0
configure:4423: cc -c conftest.c -o conftest2.o >&5
configure:4427: $? = 0
configure:4433: cc -c conftest.c -o conftest2.o >&5
configure:4437: $? = 0
configure:4455: result: yes
configure:4485: checking how to run the C preprocessor
configure:4516: gcc -E  conftest.c
configure:4516: $? = 0
configure:4530: gcc -E  conftest.c
conftest.c:11:10: fatal error: 'ac_nonexistent.h' file not found
#include <ac_nonexistent.h>
         ^
1 error generated.
configure:4530: $? = 1
configure: failed program was:
| /* confdefs.h */
| #define PACKAGE_NAME "sbsigntool"
| #define PACKAGE_TARNAME "sbsigntool"
| #define PACKAGE_VERSION "0.6"
| #define PACKAGE_STRING "sbsigntool 0.6"
| #define PACKAGE_BUGREPORT "jeremy.kerr@canonical.com"
| #define PACKAGE_URL ""
| #define PACKAGE "sbsigntool"
| #define VERSION "0.6"
| /* end confdefs.h.  */
| #include <ac_nonexistent.h>
configure:4555: result: gcc -E
configure:4575: gcc -E  conftest.c
configure:4575: $? = 0
configure:4589: gcc -E  conftest.c
conftest.c:11:10: fatal error: 'ac_nonexistent.h' file not found
#include <ac_nonexistent.h>
         ^
1 error generated.
configure:4589: $? = 1
configure: failed program was:
| /* confdefs.h */
| #define PACKAGE_NAME "sbsigntool"
| #define PACKAGE_TARNAME "sbsigntool"
| #define PACKAGE_VERSION "0.6"
| #define PACKAGE_STRING "sbsigntool 0.6"
| #define PACKAGE_BUGREPORT "jeremy.kerr@canonical.com"
| #define PACKAGE_URL ""
| #define PACKAGE "sbsigntool"
| #define VERSION "0.6"
| /* end confdefs.h.  */
| #include <ac_nonexistent.h>
configure:4660: checking for ranlib
configure:4676: found /usr/bin/ranlib
configure:4687: result: ranlib
configure:4754: checking for objcopy
configure:4784: result: no
configure:4846: checking for strip
configure:4862: found /usr/bin/strip
configure:4873: result: strip
configure:4898: checking for grep that handles long lines and -e
configure:4956: result: /usr/bin/grep
configure:4961: checking for egrep
configure:5023: result: /usr/bin/grep -E
configure:5028: checking for ANSI C header files
configure:5048: gcc -c -g -O2  conftest.c >&5
configure:5048: $? = 0
configure:5121: gcc -o conftest -g -O2   conftest.c  >&5
configure:5121: $? = 0
configure:5121: ./conftest
configure:5121: $? = 0
configure:5132: result: yes
configure:5145: checking for sys/types.h
configure:5145: gcc -c -g -O2  conftest.c >&5
configure:5145: $? = 0
configure:5145: result: yes
configure:5145: checking for sys/stat.h
configure:5145: gcc -c -g -O2  conftest.c >&5
configure:5145: $? = 0
configure:5145: result: yes
configure:5145: checking for stdlib.h
configure:5145: gcc -c -g -O2  conftest.c >&5
configure:5145: $? = 0
configure:5145: result: yes
configure:5145: checking for string.h
configure:5145: gcc -c -g -O2  conftest.c >&5
configure:5145: $? = 0
configure:5145: result: yes
configure:5145: checking for memory.h
configure:5145: gcc -c -g -O2  conftest.c >&5
configure:5145: $? = 0
configure:5145: result: yes
configure:5145: checking for strings.h
configure:5145: gcc -c -g -O2  conftest.c >&5
configure:5145: $? = 0
configure:5145: result: yes
configure:5145: checking for inttypes.h
configure:5145: gcc -c -g -O2  conftest.c >&5
configure:5145: $? = 0
configure:5145: result: yes
configure:5145: checking for stdint.h
configure:5145: gcc -c -g -O2  conftest.c >&5
configure:5145: $? = 0
configure:5145: result: yes
configure:5145: checking for unistd.h
configure:5145: gcc -c -g -O2  conftest.c >&5
configure:5145: $? = 0
configure:5145: result: yes
configure:5157: checking for bfd.h
configure:5157: result: yes
configure:5175: checking build system endianness
configure:5190: gcc -E  conftest.c
conftest.c:21:10: fatal error: 'endian.h' file not found
#include <endian.h>
         ^
1 error generated.
configure:5190: $? = 1
configure: failed program was:
| /* confdefs.h */
| #define PACKAGE_NAME "sbsigntool"
| #define PACKAGE_TARNAME "sbsigntool"
| #define PACKAGE_VERSION "0.6"
| #define PACKAGE_STRING "sbsigntool 0.6"
| #define PACKAGE_BUGREPORT "jeremy.kerr@canonical.com"
| #define PACKAGE_URL ""
| #define PACKAGE "sbsigntool"
| #define VERSION "0.6"
| #define STDC_HEADERS 1
| #define HAVE_SYS_TYPES_H 1
| #define HAVE_SYS_STAT_H 1
| #define HAVE_STDLIB_H 1
| #define HAVE_STRING_H 1
| #define HAVE_MEMORY_H 1
| #define HAVE_STRINGS_H 1
| #define HAVE_INTTYPES_H 1
| #define HAVE_STDINT_H 1
| #define HAVE_UNISTD_H 1
| /* end confdefs.h.  */
| #include <endian.h>
| int
| main ()
| {
| #if __BYTE_ORDER != __LITTLE_ENDIAN
| 		   #error
| 		   #endif
|   ;
|   return 0;
| }
configure:5210: gcc -E  conftest.c
conftest.c:21:10: fatal error: 'endian.h' file not found
#include <endian.h>
         ^
1 error generated.
configure:5210: $? = 1
configure: failed program was:
| /* confdefs.h */
| #define PACKAGE_NAME "sbsigntool"
| #define PACKAGE_TARNAME "sbsigntool"
| #define PACKAGE_VERSION "0.6"
| #define PACKAGE_STRING "sbsigntool 0.6"
| #define PACKAGE_BUGREPORT "jeremy.kerr@canonical.com"
| #define PACKAGE_URL ""
| #define PACKAGE "sbsigntool"
| #define VERSION "0.6"
| #define STDC_HEADERS 1
| #define HAVE_SYS_TYPES_H 1
| #define HAVE_SYS_STAT_H 1
| #define HAVE_STDLIB_H 1
| #define HAVE_STRING_H 1
| #define HAVE_MEMORY_H 1
| #define HAVE_STRINGS_H 1
| #define HAVE_INTTYPES_H 1
| #define HAVE_STDINT_H 1
| #define HAVE_UNISTD_H 1
| /* end confdefs.h.  */
| #include <endian.h>
| int
| main ()
| {
| #if __BYTE_ORDER != __BIG_ENDIAN
| 		   #error
| 		   #endif
|   ;
|   return 0;
| }
configure:5221: result: little
configure:5288: checking for pkg-config
configure:5306: found /usr/bin/pkg-config
configure:5318: result: /usr/bin/pkg-config
configure:5343: checking pkg-config is at least version 0.9.0
configure:5346: result: yes
configure:5356: checking for libcrypto
configure:5363: $PKG_CONFIG --exists --print-errors "libcrypto"
configure:5366: $? = 0
configure:5380: $PKG_CONFIG --exists --print-errors "libcrypto"
configure:5383: $? = 0
configure:5421: result: yes
configure:5428: checking for uuid
configure:5435: $PKG_CONFIG --exists --print-errors "uuid"
configure:5438: $? = 0
configure:5452: $PKG_CONFIG --exists --print-errors "uuid"
configure:5455: $? = 0
configure:5493: result: yes
configure:5505: checking for efi.h
configure:5505: gcc -c -g -O2  -I/usr/include/efi -I/usr/include/efi/x86_64  -DEFI_FUNCTION_WRAPPER conftest.c >&5
conftest.c:25:10: fatal error: 'efi.h' file not found
#include <efi.h>
         ^
1 error generated.
configure:5505: $? = 1
configure: failed program was:
| /* confdefs.h */
| #define PACKAGE_NAME "sbsigntool"
| #define PACKAGE_TARNAME "sbsigntool"
| #define PACKAGE_VERSION "0.6"
| #define PACKAGE_STRING "sbsigntool 0.6"
| #define PACKAGE_BUGREPORT "jeremy.kerr@canonical.com"
| #define PACKAGE_URL ""
| #define PACKAGE "sbsigntool"
| #define VERSION "0.6"
| #define STDC_HEADERS 1
| #define HAVE_SYS_TYPES_H 1
| #define HAVE_SYS_STAT_H 1
| #define HAVE_STDLIB_H 1
| #define HAVE_STRING_H 1
| #define HAVE_MEMORY_H 1
| #define HAVE_STRINGS_H 1
| #define HAVE_INTTYPES_H 1
| #define HAVE_STDINT_H 1
| #define HAVE_UNISTD_H 1
| #define HAVE_LITTLE_ENDIAN 
| #define HAVE_BIG_ENDIAN 
| /* end confdefs.h.  */
| 
| 
| #include <efi.h>
configure:5505: result: no
configure:5660: creating ./config.status

## ---------------------- ##
## Running config.status. ##
## ---------------------- ##

This file was extended by sbsigntool config.status 0.6, which was
generated by GNU Autoconf 2.69.  Invocation command line was

  CONFIG_FILES    = 
  CONFIG_HEADERS  = 
  CONFIG_LINKS    = 
  CONFIG_COMMANDS = 
  $ ./config.status 

on iMac-van-Andy.local

config.status:870: creating Makefile
config.status:870: creating src/Makefile
config.status:870: creating lib/ccan/Makefile
config.status:870: creating docs/Makefile
config.status:870: creating tests/Makefile
config.status:870: creating config.h
config.status:1099: executing depfiles commands

## ---------------- ##
## Cache variables. ##
## ---------------- ##

ac_cv_c_compiler_gnu=yes
ac_cv_env_CCASFLAGS_set=
ac_cv_env_CCASFLAGS_value=
ac_cv_env_CCAS_set=
ac_cv_env_CCAS_value=
ac_cv_env_CC_set=
ac_cv_env_CC_value=
ac_cv_env_CFLAGS_set=
ac_cv_env_CFLAGS_value=
ac_cv_env_CPPFLAGS_set=
ac_cv_env_CPPFLAGS_value=
ac_cv_env_CPP_set=
ac_cv_env_CPP_value=
ac_cv_env_LDFLAGS_set=
ac_cv_env_LDFLAGS_value=
ac_cv_env_LIBS_set=
ac_cv_env_LIBS_value=
ac_cv_env_PKG_CONFIG_LIBDIR_set=
ac_cv_env_PKG_CONFIG_LIBDIR_value=
ac_cv_env_PKG_CONFIG_PATH_set=
ac_cv_env_PKG_CONFIG_PATH_value=
ac_cv_env_PKG_CONFIG_set=
ac_cv_env_PKG_CONFIG_value=
ac_cv_env_build_alias_set=
ac_cv_env_build_alias_value=
ac_cv_env_host_alias_set=
ac_cv_env_host_alias_value=
ac_cv_env_libcrypto_CFLAGS_set=
ac_cv_env_libcrypto_CFLAGS_value=
ac_cv_env_libcrypto_LIBS_set=
ac_cv_env_libcrypto_LIBS_value=
ac_cv_env_target_alias_set=
ac_cv_env_target_alias_value=
ac_cv_env_uuid_CFLAGS_set=
ac_cv_env_uuid_CFLAGS_value=
ac_cv_env_uuid_LIBS_set=
ac_cv_env_uuid_LIBS_value=
ac_cv_header_bfd_h=yes
ac_cv_header_efi_h=no
ac_cv_header_inttypes_h=yes
ac_cv_header_memory_h=yes
ac_cv_header_stdc=yes
ac_cv_header_stdint_h=yes
ac_cv_header_stdlib_h=yes
ac_cv_header_string_h=yes
ac_cv_header_strings_h=yes
ac_cv_header_sys_stat_h=yes
ac_cv_header_sys_types_h=yes
ac_cv_header_unistd_h=yes
ac_cv_objext=o
ac_cv_path_EGREP='/usr/bin/grep -E'
ac_cv_path_GREP=/usr/bin/grep
ac_cv_path_ac_pt_PKG_CONFIG=/usr/bin/pkg-config
ac_cv_path_install='/usr/bin/install -c'
ac_cv_prog_AWK=gawk
ac_cv_prog_CPP='gcc -E'
ac_cv_prog_ac_ct_CC=gcc
ac_cv_prog_ac_ct_RANLIB=ranlib
ac_cv_prog_ac_ct_STRIP=strip
ac_cv_prog_cc_c89=
ac_cv_prog_cc_g=yes
ac_cv_prog_cc_gcc_c_o=yes
ac_cv_prog_make_make_set=yes
am_cv_CCAS_dependencies_compiler_type=gcc3
am_cv_CC_dependencies_compiler_type=gcc3
pkg_cv_libcrypto_CFLAGS=
pkg_cv_libcrypto_LIBS='-lcrypto -lz '
pkg_cv_uuid_CFLAGS='-I/usr/include/uuid '
pkg_cv_uuid_LIBS='-luuid '

## ----------------- ##
## Output variables. ##
## ----------------- ##

ACLOCAL='${SHELL} /Users/andyvand/Downloads/sbsigntool-0.6/missing --run aclocal-1.11'
AMDEPBACKSLASH='\'
AMDEP_FALSE='#'
AMDEP_TRUE=''
AMTAR='$${TAR-tar}'
AUTOCONF='${SHELL} /Users/andyvand/Downloads/sbsigntool-0.6/missing --run autoconf'
AUTOHEADER='${SHELL} /Users/andyvand/Downloads/sbsigntool-0.6/missing --run autoheader'
AUTOMAKE='${SHELL} /Users/andyvand/Downloads/sbsigntool-0.6/missing --run automake-1.11'
AWK='gawk'
CC='gcc'
CCAS='gcc'
CCASDEPMODE='depmode=gcc3'
CCASFLAGS='-g -O2'
CCDEPMODE='depmode=gcc3'
CFLAGS='-g -O2'
CPP='gcc -E'
CPPFLAGS=''
CYGPATH_W='echo'
DEFS='-DHAVE_CONFIG_H'
DEPDIR='.deps'
ECHO_C='\c'
ECHO_N=''
ECHO_T=''
EFI_CPPFLAGS='-I/usr/include/efi -I/usr/include/efi/x86_64  -DEFI_FUNCTION_WRAPPER'
EGREP='/usr/bin/grep -E'
EXEEXT=''
GREP='/usr/bin/grep'
HELP2MAN='${SHELL} /Users/andyvand/Downloads/sbsigntool-0.6/missing --run help2man'
INSTALL_DATA='${INSTALL} -m 644'
INSTALL_PROGRAM='${INSTALL}'
INSTALL_SCRIPT='${INSTALL}'
INSTALL_STRIP_PROGRAM='$(install_sh) -c -s'
LDFLAGS=''
LIBOBJS=''
LIBS=''
LTLIBOBJS=''
MAKEINFO='${SHELL} /Users/andyvand/Downloads/sbsigntool-0.6/missing --run makeinfo'
MKDIR_P='./install-sh -c -d'
OBJCOPY=''
OBJEXT='o'
PACKAGE='sbsigntool'
PACKAGE_BUGREPORT='jeremy.kerr@canonical.com'
PACKAGE_NAME='sbsigntool'
PACKAGE_STRING='sbsigntool 0.6'
PACKAGE_TARNAME='sbsigntool'
PACKAGE_URL=''
PACKAGE_VERSION='0.6'
PATH_SEPARATOR=':'
PKG_CONFIG='/usr/bin/pkg-config'
PKG_CONFIG_LIBDIR=''
PKG_CONFIG_PATH=''
RANLIB='ranlib'
SET_MAKE=''
SHELL='/bin/sh'
STRIP='strip'
VERSION='0.6'
ac_ct_CC='gcc'
am__EXEEXT_FALSE=''
am__EXEEXT_TRUE='#'
am__fastdepCCAS_FALSE='#'
am__fastdepCCAS_TRUE=''
am__fastdepCC_FALSE='#'
am__fastdepCC_TRUE=''
am__include='include'
am__isrc=''
am__leading_dot='.'
am__nodep='_no'
am__quote=''
am__tar='$${TAR-tar} chof - "$$tardir"'
am__untar='$${TAR-tar} xf -'
bindir='${exec_prefix}/bin'
build_alias=''
datadir='${datarootdir}'
datarootdir='${prefix}/share'
docdir='${datarootdir}/doc/${PACKAGE_TARNAME}'
dvidir='${docdir}'
exec_prefix='${prefix}'
host_alias=''
htmldir='${docdir}'
includedir='${prefix}/include'
infodir='${datarootdir}/info'
install_sh='${SHELL} /Users/andyvand/Downloads/sbsigntool-0.6/install-sh'
libcrypto_CFLAGS=''
libcrypto_LIBS='-lcrypto -lz '
libdir='${exec_prefix}/lib'
libexecdir='${exec_prefix}/libexec'
localedir='${datarootdir}/locale'
localstatedir='${prefix}/var'
mandir='${datarootdir}/man'
mkdir_p='$(top_builddir)/./install-sh -c -d'
oldincludedir='/usr/include'
pdfdir='${docdir}'
prefix='/usr'
program_transform_name='s,x,x,'
psdir='${docdir}'
sbindir='${exec_prefix}/sbin'
sharedstatedir='${prefix}/com'
sysconfdir='${prefix}/etc'
target_alias=''
uuid_CFLAGS='-I/usr/include/uuid '
uuid_LIBS='-luuid '

## ----------- ##
## confdefs.h. ##
## ----------- ##

/* confdefs.h */
#define PACKAGE_NAME "sbsigntool"
#define PACKAGE_TARNAME "sbsigntool"
#define PACKAGE_VERSION "0.6"
#define PACKAGE_STRING "sbsigntool 0.6"
#define PACKAGE_BUGREPORT "jeremy.kerr@canonical.com"
#define PACKAGE_URL ""
#define PACKAGE "sbsigntool"
#define VERSION "0.6"
#define STDC_HEADERS 1
#define HAVE_SYS_TYPES_H 1
#define HAVE_SYS_STAT_H 1
#define HAVE_STDLIB_H 1
#define HAVE_STRING_H 1
#define HAVE_MEMORY_H 1
#define HAVE_STRINGS_H 1
#define HAVE_INTTYPES_H 1
#define HAVE_STDINT_H 1
#define HAVE_UNISTD_H 1
#define HAVE_LITTLE_ENDIAN 
#define HAVE_BIG_ENDIAN 

configure: exit 0
